<?xml version="1.0" encoding="utf-8"?><testsuites name="pytest tests"><testsuite name="pytest" errors="0" failures="0" skipped="0" tests="18" time="1.808" timestamp="2026-09-19T00:03:02.820608+00:00" hostname="agent-env-e19f09ef-c2bf-4c97-a73f-8a78f31e9ba4"><testcase classname="tests.backend_test.TestAuth" name="test_me_authenticated" time="0.183" /><testcase classname="tests.backend_test.TestAuth" name="test_me_unauthorized" time="0.168" /><testcase classname="tests.backend_test.TestBrowse" name="test_list_jobs" time="0.063" /><testcase classname="tests.backend_test.TestBrowse" name="test_list_workers" time="0.071" /><testcase classname="tests.backend_test.TestBrowse" name="test_jobs_category_filter" time="0.124" /><testcase classname="tests.backend_test.TestBrowse" name="test_workers_pay_bracket_filter" time="0.062" /><testcase classname="tests.backend_test.TestBrowse" name="test_worker_detail_with_reviews" time="0.127" /><testcase classname="tests.backend_test.TestBrowse" name="test_worker_detail_404" time="0.062" /><testcase classname="tests.backend_test.TestSwipe" name="test_swipe_left_no_match" time="0.061" /><testcase classname="tests.backend_test.TestSwipe" name="test_swipe_right_mutual_match_job" time="0.059" /><testcase classname="tests.backend_test.TestSwipe" name="test_swipe_right_mutual_match_worker" time="0.061" /><testcase classname="tests.backend_test.TestMatchesAndChat" name="test_matches_list_contains_new" time="0.062" /><testcase classname="tests.backend_test.TestMatchesAndChat" name="test_get_messages_has_greeting" time="0.065" /><testcase classname="tests.backend_test.TestMatchesAndChat" name="test_post_message_generates_auto_reply" time="0.066" /><testcase classname="tests.backend_test.TestMatchesAndChat" name="test_complete_and_review" time="0.189" /><testcase classname="tests.backend_test.TestMatchesAndChat" name="test_match_404" time="0.070" /><testcase classname="tests.backend_test.TestProfile" name="test_upsert_and_get_profile" time="0.132" /><testcase classname="tests.backend_test.TestCreateJob" name="test_create_job_persists" time="0.128" /></testsuite></testsuites>