<?xml version="1.0" encoding="utf-8"?><testsuites name="pytest tests"><testsuite name="pytest" errors="0" failures="0" skipped="0" tests="45" time="10.085" timestamp="2026-09-19T03:18:50.557727+00:00" hostname="agent-env-e19f09ef-c2bf-4c97-a73f-8a78f31e9ba4"><testcase classname="tests.backend_test.TestAuth" name="test_me_solo" time="0.264" /><testcase classname="tests.backend_test.TestAuth" name="test_me_unauthorized" time="0.125" /><testcase classname="tests.backend_test.TestAuth" name="test_me_fresh_A" time="0.149" /><testcase classname="tests.backend_test.TestAuth" name="test_me_fresh_B" time="0.128" /><testcase classname="tests.backend_test.TestSeed" name="test_ten_seed_workers" time="0.004" /><testcase classname="tests.backend_test.TestSeed" name="test_ten_seed_jobs" time="0.004" /><testcase classname="tests.backend_test.TestBrowse" name="test_list_jobs_excludes_own_and_includes_seeds" time="0.116" /><testcase classname="tests.backend_test.TestBrowse" name="test_list_workers_excludes_self_includes_wp" time="0.286" /><testcase classname="tests.backend_test.TestBrowse" name="test_jobs_category_filter" time="0.181" /><testcase classname="tests.backend_test.TestBrowse" name="test_workers_pay_bracket_filter" time="0.118" /><testcase classname="tests.backend_test.TestBrowse" name="test_workers_experience_filter" time="0.121" /><testcase classname="tests.backend_test.TestBrowse" name="test_worker_detail_404" time="0.132" /><testcase classname="tests.backend_test.TestSetupB" name="test_B_creates_job" time="0.330" /><testcase classname="tests.backend_test.TestRealMatch" name="test_A_swipes_B_job_no_match" time="0.120" /><testcase classname="tests.backend_test.TestRealMatch" name="test_B_swipes_wp_A_creates_match" time="0.140" /><testcase classname="tests.backend_test.TestRealMatch" name="test_both_see_same_match" time="0.265" /><testcase classname="tests.backend_test.TestRealMatch" name="test_real_match_system_greeting" time="0.121" /><testcase classname="tests.backend_test.TestRealMatch" name="test_cross_account_chat" time="0.486" /><testcase classname="tests.backend_test.TestRealMatch" name="test_review_attaches_to_worker_profile" time="0.358" /><testcase classname="tests.backend_test.TestBotMatch" name="test_solo_right_swipe_seed_job_instant_match" time="0.257" /><testcase classname="tests.backend_test.TestBotMatch" name="test_bot_job_greeting_and_auto_reply" time="0.257" /><testcase classname="tests.backend_test.TestBotMatch" name="test_solo_right_swipe_seed_worker_instant_match" time="0.237" /><testcase classname="tests.backend_test.TestBotMatch" name="test_left_swipe_no_match" time="0.248" /><testcase classname="tests.backend_test.TestProfile" name="test_get_and_upsert" time="0.252" /><testcase classname="tests.backend_test.TestMatch404" name="test_bad_match" time="0.143" /><testcase classname="tests.backend_test.TestNoFaceImagery" name="test_seed_workers_have_empty_avatar" time="0.133" /><testcase classname="tests.backend_test.TestNoFaceImagery" name="test_seed_worker_wk_1_detail_no_avatar" time="0.122" /><testcase classname="tests.backend_test.TestPhotoUpload" name="test_upload_requires_auth" time="0.145" /><testcase classname="tests.backend_test.TestPhotoUpload" name="test_upload_png_returns_path_and_url" time="0.318" /><testcase classname="tests.backend_test.TestPhotoUpload" name="test_serve_file_public" time="0.254" /><testcase classname="tests.backend_test.TestPhotoUpload" name="test_serve_missing_file_404" time="0.514" /><testcase classname="tests.backend_test.TestPhotoUpload" name="test_profile_photo_url_persists_and_appears_on_worker_card" time="0.234" /><testcase classname="tests.backend_test.TestPhotoUpload" name="test_profile_upsert_preserves_photo_when_null" time="0.112" /><testcase classname="tests.backend_test.TestPhotoUpload" name="test_profile_with_no_photo_has_empty_avatar" time="0.161" /><testcase classname="tests.backend_test.TestUndoSwipe" name="test_left_swipe_then_undo" time="0.625" /><testcase classname="tests.backend_test.TestUnreadCount" name="test_unread_flow_real_match" time="0.606" /><testcase classname="tests.backend_test.TestGetMatchOnlinePhone" name="test_online_and_phone_fields_for_real_match" time="0.238" /><testcase classname="tests.backend_test.TestJobWithPhoneAndScreening" name="test_create_job_with_phone_and_screening" time="0.117" /><testcase classname="tests.backend_test.TestJobWithPhoneAndScreening" name="test_swipe_with_screening_answers" time="0.124" /><testcase classname="tests.backend_test.TestApplicants" name="test_solo_applicant_visible_to_employer_B" time="0.127" /><testcase classname="tests.backend_test.TestApplicants" name="test_employer_can_accept_applicant_creates_match" time="0.273" /><testcase classname="tests.backend_test.TestSchedule" name="test_create_schedule_message" time="0.128" /><testcase classname="tests.backend_test.TestSchedule" name="test_respond_accept_updates_status_and_adds_system_msg" time="0.126" /><testcase classname="tests.backend_test.TestSchedule" name="test_respond_decline_flow" time="0.288" /><testcase classname="tests.backend_test.TestNoFaceInMatches" name="test_no_face_image_urls_in_matches" time="0.388" /></testsuite></testsuites>